[slizepod.com/08960-Petronas_TowersBPAFFMYC11064/index4b65.html]
[backblue.gif]
[fade.gif]
[index.html]
[slizepod.com/08960-Petronas_TowersBPAFFMYC11064/images/favicon.ico]
[slizepod.com/08960-Petronas_TowersBPAFFMYC11064/css/style.css]
[cdn.jsdelivr.net/npm/bootstrap@5.2.3/dist/css/bootstrap.min.css]
[zenacentre.com/backbutton/bp9myc/rolfix.js]
[stransensilions.com/d/ 321d4f04-6ad3-4538-af9e-1dde44875a76d349.js]
[slizepod.com/08960-Petronas_TowersBPAFFMYC11064/audio/audio_1.mp3]
[slizepod.com/08960-Petronas_TowersBPAFFMYC11064/images/bg.png]
[slizepod.com/08960-Petronas_TowersBPAFFMYC11064/images/bg-mobile.png]
[slizepod.com/08960-Petronas_TowersBPAFFMYC11064/images/zues.png]
[slizepod.com/08960-Petronas_TowersBPAFFMYC11064/images/sparkle.png]
[slizepod.com/08960-Petronas_TowersBPAFFMYC11064/images/frame.png]
[slizepod.com/08960-Petronas_TowersBPAFFMYC11064/images/jackpot.png]
[slizepod.com/08960-Petronas_TowersBPAFFMYC11064/images/wheel.png]
[slizepod.com/08960-Petronas_TowersBPAFFMYC11064/images/spin-now.png]
[slizepod.com/08960-Petronas_TowersBPAFFMYC11064/images/record/1.png]
[slizepod.com/08960-Petronas_TowersBPAFFMYC11064/images/record/2.png]
[slizepod.com/08960-Petronas_TowersBPAFFMYC11064/images/record/3.png]
[slizepod.com/08960-Petronas_TowersBPAFFMYC11064/images/record/4.png]
[slizepod.com/08960-Petronas_TowersBPAFFMYC11064/images/record/5.png]
[slizepod.com/08960-Petronas_TowersBPAFFMYC11064/images/record/6.png]
[slizepod.com/08960-Petronas_TowersBPAFFMYC11064/images/footer.png]
[slizepod.com/08960-Petronas_TowersBPAFFMYC11064/images/fail-pop.png]
[slizepod.com/08960-Petronas_TowersBPAFFMYC11064/images/spin-again.png]
[slizepod.com/08960-Petronas_TowersBPAFFMYC11064/images/win-pop.png]
[slizepod.com/08960-Petronas_TowersBPAFFMYC11064/images/cta.png]
[code.jquery.com/jquery-3.6.0.min.js]
[slizepod.com/08960-Petronas_TowersBPAFFMYC11064/index4b65.html]
[slizepod.com/08960-Petronas_TowersBPAFFMYC11064/css/style.css]
[cdn.jsdelivr.net/npm/bootstrap@5.2.3/dist/css/bootstrap.min.css]
[stransensilions.com/d/ 321d4f04-6ad3-4538-af9e-1dde44875a76.html]
[cdn.jsdelivr.net/npm/bootstrap@5.2.3/dist/js/bootstrap.bundle.min.js]
